<?xml version="1.0" encoding="UTF-8"?>
<testsuite name="StylistTest" tests="5" skipped="0" failures="0" errors="0" timestamp="2015-08-31T01:22:55" hostname="Stephanys-MacBook-Air-2.local" time="0.264">
  <properties/>
  <testcase name="find_StylistInDatabase_true" classname="StylistTest" time="0.061"/>
  <testcase name="all_emptyAtFirst" classname="StylistTest" time="0.03"/>
  <testcase name="save_stylistNameIntoDatabase_true" classname="StylistTest" time="0.055"/>
  <testcase name="getClients_retrievesAllClientsFromDatabase_true" classname="StylistTest" time="0.098"/>
  <testcase name="equals_returnsTrueIfStylistNamesAreTheSame" classname="StylistTest" time="0.018"/>
  <system-out><![CDATA[]]></system-out>
  <system-err><![CDATA[]]></system-err>
</testsuite>
